<?xml version="1.0" encoding="UTF-8"?>
<testsuite xmlns:xsi="http://www.w3.org/2001/XMLSchema-instance" xsi:noNamespaceSchemaLocation="https://maven.apache.org/surefire/maven-surefire-plugin/xsd/surefire-test-report-3.0.xsd" version="3.0" name="com.marklogic.repository.XmlUserRepositoryTest" time="0.126" tests="14" errors="0" skipped="0" failures="0">
  <properties>
[...]
</properties>
  <testcase name="testFindUserByUsername" classname="com.marklogic.repository.XmlUserRepositoryTest" time="0.081">
    <system-out><![CDATA[12:48:51.468 [main] INFO com.marklogic.repository.XmlUserRepository -- Loading users from XML file: /var/folders/k_/f_h63hrs2fx2sswhcs2kwn400000gn/T/junit12215506624239412133/users.xml
12:48:51.488 [main] INFO com.marklogic.repository.XmlUserRepository -- Successfully loaded 4 users from XML file
]]></system-out>
  </testcase>
  <testcase name="testInitializeWithEmptyPath" classname="com.marklogic.repository.XmlUserRepositoryTest" time="0.001">
    <system-out><![CDATA[12:48:51.500 [main] INFO com.marklogic.repository.XmlUserRepository -- No XML user file specified, repository not initialized
]]></system-out>
  </testcase>
  <testcase name="testGetXmlFilePath" classname="com.marklogic.repository.XmlUserRepositoryTest" time="0.003">
    <system-out><![CDATA[12:48:51.501 [main] INFO com.marklogic.repository.XmlUserRepository -- Loading users from XML file: /var/folders/k_/f_h63hrs2fx2sswhcs2kwn400000gn/T/junit12042900024517363343/users.xml
12:48:51.503 [main] INFO com.marklogic.repository.XmlUserRepository -- Successfully loaded 4 users from XML file
]]></system-out>
  </testcase>
  <testcase name="testValidatePassword" classname="com.marklogic.repository.XmlUserRepositoryTest" time="0.003">
    <system-out><![CDATA[12:48:51.505 [main] INFO com.marklogic.repository.XmlUserRepository -- Loading users from XML file: /var/folders/k_/f_h63hrs2fx2sswhcs2kwn400000gn/T/junit3436641159113743516/users.xml
12:48:51.507 [main] INFO com.marklogic.repository.XmlUserRepository -- Successfully loaded 4 users from XML file
]]></system-out>
  </testcase>
  <testcase name="testInitializeWithNullPath" classname="com.marklogic.repository.XmlUserRepositoryTest" time="0.001">
    <system-out><![CDATA[12:48:51.508 [main] INFO com.marklogic.repository.XmlUserRepository -- No XML user file specified, repository not initialized
]]></system-out>
  </testcase>
  <testcase name="testUserDnIsLoaded" classname="com.marklogic.repository.XmlUserRepositoryTest" time="0.002">
    <system-out><![CDATA[12:48:51.509 [main] INFO com.marklogic.repository.XmlUserRepository -- Loading users from XML file: /var/folders/k_/f_h63hrs2fx2sswhcs2kwn400000gn/T/junit6756048991295141574/users.xml
12:48:51.511 [main] INFO com.marklogic.repository.XmlUserRepository -- Successfully loaded 4 users from XML file
]]></system-out>
  </testcase>
  <testcase name="testUserWithNoRoles" classname="com.marklogic.repository.XmlUserRepositoryTest" time="0.002">
    <system-out><![CDATA[12:48:51.512 [main] INFO com.marklogic.repository.XmlUserRepository -- Loading users from XML file: /var/folders/k_/f_h63hrs2fx2sswhcs2kwn400000gn/T/junit14876668020986993064/users.xml
12:48:51.514 [main] INFO com.marklogic.repository.XmlUserRepository -- Successfully loaded 4 users from XML file
]]></system-out>
  </testcase>
  <testcase name="testFindUserCaseInsensitive" classname="com.marklogic.repository.XmlUserRepositoryTest" time="0.003">
    <system-out><![CDATA[12:48:51.515 [main] INFO com.marklogic.repository.XmlUserRepository -- Loading users from XML file: /var/folders/k_/f_h63hrs2fx2sswhcs2kwn400000gn/T/junit7551832266600887258/users.xml
12:48:51.517 [main] INFO com.marklogic.repository.XmlUserRepository -- Successfully loaded 4 users from XML file
]]></system-out>
  </testcase>
  <testcase name="testGetUserRoles" classname="com.marklogic.repository.XmlUserRepositoryTest" time="0.002">
    <system-out><![CDATA[12:48:51.518 [main] INFO com.marklogic.repository.XmlUserRepository -- Loading users from XML file: /var/folders/k_/f_h63hrs2fx2sswhcs2kwn400000gn/T/junit7974155637192522476/users.xml
12:48:51.520 [main] INFO com.marklogic.repository.XmlUserRepository -- Successfully loaded 4 users from XML file
]]></system-out>
  </testcase>
  <testcase name="testGetUserRolesForNonExistentUser" classname="com.marklogic.repository.XmlUserRepositoryTest" time="0.002">
    <system-out><![CDATA[12:48:51.521 [main] INFO com.marklogic.repository.XmlUserRepository -- Loading users from XML file: /var/folders/k_/f_h63hrs2fx2sswhcs2kwn400000gn/T/junit4380077153376739510/users.xml
12:48:51.522 [main] INFO com.marklogic.repository.XmlUserRepository -- Successfully loaded 4 users from XML file
]]></system-out>
  </testcase>
  <testcase name="testLoadUsersFromXml" classname="com.marklogic.repository.XmlUserRepositoryTest" time="0.002">
    <system-out><![CDATA[12:48:51.524 [main] INFO com.marklogic.repository.XmlUserRepository -- Loading users from XML file: /var/folders/k_/f_h63hrs2fx2sswhcs2kwn400000gn/T/junit6417002631974455124/users.xml
12:48:51.525 [main] INFO com.marklogic.repository.XmlUserRepository -- Successfully loaded 4 users from XML file
]]></system-out>
  </testcase>
  <testcase name="testRfc6238CodeIsLoaded" classname="com.marklogic.repository.XmlUserRepositoryTest" time="0.002">
    <system-out><![CDATA[12:48:51.526 [main] INFO com.marklogic.repository.XmlUserRepository -- Loading users from XML file: /var/folders/k_/f_h63hrs2fx2sswhcs2kwn400000gn/T/junit7319928560624354935/users.xml
12:48:51.527 [main] INFO com.marklogic.repository.XmlUserRepository -- Successfully loaded 4 users from XML file
]]></system-out>
  </testcase>
  <testcase name="testMultipleRolesForUser" classname="com.marklogic.repository.XmlUserRepositoryTest" time="0.002">
    <system-out><![CDATA[12:48:51.529 [main] INFO com.marklogic.repository.XmlUserRepository -- Loading users from XML file: /var/folders/k_/f_h63hrs2fx2sswhcs2kwn400000gn/T/junit10300053631787365888/users.xml
12:48:51.530 [main] INFO com.marklogic.repository.XmlUserRepository -- Successfully loaded 4 users from XML file
]]></system-out>
  </testcase>
  <testcase name="testInitializeWithNonExistentFile" classname="com.marklogic.repository.XmlUserRepositoryTest" time="0.001">
    <system-out><![CDATA[12:48:51.531 [main] WARN com.marklogic.repository.XmlUserRepository -- XML user file not found: /nonexistent/path/users.xml
]]></system-out>
  </testcase>
</testsuite>