<?xml version="1.0" encoding="UTF-8"?>
<testsuite xmlns:xsi="http://www.w3.org/2001/XMLSchema-instance" xsi:noNamespaceSchemaLocation="https://maven.apache.org/surefire/maven-surefire-plugin/xsd/surefire-test-report-3.0.xsd" version="3.0" name="com.marklogic.handlers.undertow.OAuthTokenHandlerTest" time="0.346" tests="15" errors="0" skipped="0" failures="0">
  <properties>
[...]
</properties>
  <testcase name="testGenerateTokenWithoutRoles" classname="com.marklogic.handlers.undertow.OAuthTokenHandlerTest" time="0.082">
    <system-out><![CDATA[
  .   ____          _            __ _ _
 /\\ / ___'_ __ _ _(_)_ __  __ _ \ \ \ \
( ( )\___ | '_ | '_| | '_ \/ _` | \ \ \ \
 \\/  ___)| |_)| | | | | || (_| |  ) ) ) )
  '  |____| .__|_| |_|_| |_\__, | / / / /
 =========|_|==============|___/=/_/_/_/

 :: Spring Boot ::                (v3.3.5)

12:49:02.361 [main] WARN  o.s.b.t.j.DuplicateJsonObjectContextCustomizerFactory$DuplicateJsonObjectContextCustomizer - 

Found multiple occurrences of org.json.JSONObject on the class path:

	jar:file:/Users/martin/.m2/repository/com/vaadin/external/google/android-json/0.0.20131108.vaadin1/android-json-0.0.20131108.vaadin1.jar!/org/json/JSONObject.class
	jar:file:/Users/martin/.m2/repository/org/json/json/20251224/json-20251224.jar!/org/json/JSONObject.class

You may wish to exclude one of them to ensure predictable runtime behavior

12:49:02.361 [main] INFO  c.m.h.undertow.OAuthTokenHandlerTest - Starting OAuthTokenHandlerTest using Java 25.0.2 with PID 75464 (started by martin in /Users/martin/Documents/Projects/MLEAProxy)
12:49:02.361 [main] INFO  c.m.h.undertow.OAuthTokenHandlerTest - The following 1 profile is active: "test"
12:49:02.374 [main] INFO  o.s.c.i.s.PropertySourceProcessor - Properties location [file:/etc/mleaproxy.properties] not resolvable: /etc/mleaproxy.properties (No such file or directory)
12:49:02.374 [main] INFO  o.s.c.i.s.PropertySourceProcessor - Properties location [file:${user.home}/mleaproxy.properties] not resolvable: /Users/martin/mleaproxy.properties (No such file or directory)
12:49:02.374 [main] INFO  o.s.c.i.s.PropertySourceProcessor - Properties location [file:./mleaproxy.properties] not resolvable: mleaproxy.properties (No such file or directory)
12:49:02.375 [main] INFO  o.s.c.i.s.PropertySourceProcessor - Properties location [file:./directory.properties] not resolvable: directory.properties (No such file or directory)
12:49:02.456 [main] WARN  io.undertow.websockets.jsr - UT026010: Buffer pool was not set on WebSocketDeploymentInfo, the default pool will be used
12:49:02.456 [main] INFO  io.undertow.servlet - Initializing Spring embedded WebApplicationContext
12:49:02.456 [main] INFO  o.s.b.w.s.c.ServletWebServerApplicationContext - Root WebApplicationContext: initialization completed in 94 ms
12:49:02.465 [main] INFO  c.m.c.JsonUserRepositoryConfig - Using users.json path from application property: /Users/martin/Documents/Projects/MLEAProxy/src/main/resources/users.json
12:49:02.465 [main] INFO  c.m.repository.JsonUserRepository - Loading users from JSON file: /Users/martin/Documents/Projects/MLEAProxy/src/main/resources/users.json
12:49:02.466 [main] INFO  c.m.repository.JsonUserRepository - Successfully loaded 7 users from JSON file
12:49:02.466 [main] INFO  c.m.c.JsonUserRepositoryConfig - ✅ JSON user repository initialized successfully from: /Users/martin/Documents/Projects/MLEAProxy/src/main/resources/users.json
12:49:02.466 [main] INFO  c.m.c.JsonUserRepositoryConfig -    Loaded 7 users with role mappings
12:49:02.474 [main] INFO  c.marklogic.service.LDAPRoleService - LDAP role query service is disabled
12:49:02.475 [main] INFO  c.m.h.u.KerberosOAuthBridgeHandler - Kerberos-OAuth bridge initialized with RSA signing key
12:49:02.475 [main] INFO  c.m.h.undertow.OAuthTokenHandler - Initializing OAuth Token Handler with key path: classpath:static/certificates/privkey.pem
12:49:02.475 [main] DEBUG c.m.h.undertow.OAuthTokenHandler - Loading private key from input stream
12:49:02.475 [main] INFO  c.m.h.undertow.OAuthTokenHandler - Private key loaded successfully
12:49:02.475 [main] DEBUG c.m.h.undertow.OAuthTokenHandler - Deriving public key from private key
12:49:02.475 [main] INFO  c.m.h.undertow.OAuthTokenHandler - Public key derived successfully
12:49:02.476 [main] DEBUG c.m.h.undertow.OAuthTokenHandler - Generated key ID: e6b6f44d-5a5e-47a1-8364-472f314a9de3
12:49:02.476 [main] INFO  c.m.h.undertow.OAuthTokenHandler - OAuth Token Handler initialized successfully with RSA signing key (kid: e6b6f44d-5a5e-47a1-8364-472f314a9de3)
12:49:02.476 [main] INFO  c.m.h.undertow.SAMLAuthHandler - SAML private key loaded successfully
12:49:02.476 [main] INFO  c.m.h.undertow.SAMLAuthHandler - SAML certificate loaded successfully
12:49:02.483 [main] INFO  o.s.b.a.w.s.WelcomePageHandlerMapping - Adding welcome page: class path resource [public/index.html]
12:49:02.500 [main] INFO  o.s.b.a.e.web.EndpointLinksResolver - Exposing 1 endpoint beneath base path '/actuator'
12:49:02.520 [main] INFO  io.undertow.servlet - Initializing Spring TestDispatcherServlet ''
12:49:02.521 [main] INFO  o.s.t.w.s.TestDispatcherServlet - Initializing Servlet ''
12:49:02.521 [main] INFO  o.s.t.w.s.TestDispatcherServlet - Completed initialization in 0 ms
12:49:02.525 [main] INFO  io.undertow - starting server: Undertow - 2.3.17.Final
12:49:02.529 [main] INFO  o.s.b.w.e.undertow.UndertowWebServer - Undertow started on port 53173 (http) with context path '/'
12:49:02.532 [main] INFO  c.m.h.undertow.OAuthTokenHandlerTest - Started OAuthTokenHandlerTest in 0.186 seconds (process running for 11.594)
12:49:02.536 [main] DEBUG c.m.h.undertow.OAuthTokenHandler - OAuth token request - grant_type: password, client_id: test-client
12:49:02.536 [main] DEBUG c.m.h.undertow.OAuthTokenHandler - OAuth token request details - username: testuser, scope: read, roles: 
12:49:02.536 [main] INFO  c.m.h.undertow.OAuthTokenHandler - Looking up user 'testuser' in JSON user repository
12:49:02.536 [main] INFO  c.m.h.undertow.OAuthTokenHandler - Priority 3: User 'testuser' found in JSON but has no roles assigned, using default roles: user
12:49:02.536 [main] DEBUG c.m.h.undertow.OAuthTokenHandler - Using roles for token: [user]
12:49:02.584 [main] INFO  c.m.h.undertow.OAuthTokenHandler - OAuth token generated successfully for client: test-client, user: testuser, roles: user
]]></system-out>
  </testcase>
  <testcase name="testGenerateTokenWithAllParameters" classname="com.marklogic.handlers.undertow.OAuthTokenHandlerTest" time="0.008">
    <system-out><![CDATA[12:49:02.617 [main] DEBUG c.m.h.undertow.OAuthTokenHandler - OAuth token request - grant_type: password, client_id: test-client
12:49:02.617 [main] DEBUG c.m.h.undertow.OAuthTokenHandler - OAuth token request details - username: testuser, scope: read write, roles: admin,user,developer
12:49:02.617 [main] INFO  c.m.h.undertow.OAuthTokenHandler - Looking up user 'testuser' in JSON user repository
12:49:02.617 [main] INFO  c.m.h.undertow.OAuthTokenHandler - Using roles from request parameter for user 'testuser': admin,user,developer
12:49:02.617 [main] DEBUG c.m.h.undertow.OAuthTokenHandler - Using roles for token: [admin, user, developer]
12:49:02.620 [main] INFO  c.m.h.undertow.OAuthTokenHandler - OAuth token generated successfully for client: test-client, user: testuser, roles: admin,user,developer
]]></system-out>
  </testcase>
  <testcase name="testJWTExpirationTime" classname="com.marklogic.handlers.undertow.OAuthTokenHandlerTest" time="0.005">
    <system-out><![CDATA[12:49:02.624 [main] DEBUG c.m.h.undertow.OAuthTokenHandler - OAuth token request - grant_type: password, client_id: test-client
12:49:02.624 [main] DEBUG c.m.h.undertow.OAuthTokenHandler - OAuth token request details - username: testuser, scope: , roles: 
12:49:02.624 [main] INFO  c.m.h.undertow.OAuthTokenHandler - Looking up user 'testuser' in JSON user repository
12:49:02.624 [main] INFO  c.m.h.undertow.OAuthTokenHandler - Priority 3: User 'testuser' found in JSON but has no roles assigned, using default roles: user
12:49:02.624 [main] DEBUG c.m.h.undertow.OAuthTokenHandler - Using roles for token: [user]
12:49:02.626 [main] INFO  c.m.h.undertow.OAuthTokenHandler - OAuth token generated successfully for client: test-client, user: testuser, roles: user
]]></system-out>
  </testcase>
  <testcase name="testGenerateTokenWithSingleRole" classname="com.marklogic.handlers.undertow.OAuthTokenHandlerTest" time="0.005">
    <system-out><![CDATA[12:49:02.630 [main] DEBUG c.m.h.undertow.OAuthTokenHandler - OAuth token request - grant_type: password, client_id: test-client
12:49:02.630 [main] DEBUG c.m.h.undertow.OAuthTokenHandler - OAuth token request details - username: testuser, scope: , roles: admin
12:49:02.630 [main] INFO  c.m.h.undertow.OAuthTokenHandler - Looking up user 'testuser' in JSON user repository
12:49:02.630 [main] INFO  c.m.h.undertow.OAuthTokenHandler - Using roles from request parameter for user 'testuser': admin
12:49:02.630 [main] DEBUG c.m.h.undertow.OAuthTokenHandler - Using roles for token: [admin]
12:49:02.632 [main] INFO  c.m.h.undertow.OAuthTokenHandler - OAuth token generated successfully for client: test-client, user: testuser, roles: admin
]]></system-out>
  </testcase>
  <testcase name="testMissingRequiredParameters" classname="com.marklogic.handlers.undertow.OAuthTokenHandlerTest" time="0.002">
    <system-out><![CDATA[12:49:02.634 [main] DEBUG c.m.h.undertow.OAuthTokenHandler - OAuth token request - grant_type: password, client_id: null
12:49:02.634 [main] DEBUG c.m.h.undertow.OAuthTokenHandler - OAuth token request details - username: null, scope: , roles: 
12:49:02.634 [main] WARN  c.m.h.undertow.OAuthTokenHandler - OAuth error response: invalid_client - client_id is required
]]></system-out>
  </testcase>
  <testcase name="testIssuerConsistency" classname="com.marklogic.handlers.undertow.OAuthTokenHandlerTest" time="0.007">
    <system-out><![CDATA[12:49:02.637 [main] DEBUG c.m.h.undertow.OAuthTokenHandler - OAuth configuration discovery endpoint called
12:49:02.637 [main] INFO  c.m.h.undertow.OAuthTokenHandler - OAuth configuration discovery served successfully
12:49:02.639 [main] DEBUG c.m.h.undertow.OAuthTokenHandler - OAuth token request - grant_type: client_credentials, client_id: test-client
12:49:02.639 [main] DEBUG c.m.h.undertow.OAuthTokenHandler - OAuth token request details - username: null, scope: , roles: 
12:49:02.639 [main] DEBUG c.m.h.undertow.OAuthTokenHandler - JSON user repository not configured, using default roles: user
12:49:02.639 [main] DEBUG c.m.h.undertow.OAuthTokenHandler - Using roles for token: [user]
12:49:02.641 [main] INFO  c.m.h.undertow.OAuthTokenHandler - OAuth token generated successfully for client: test-client, user: null, roles: user
]]></system-out>
  </testcase>
  <testcase name="testTokenUsesJWKSKeyId" classname="com.marklogic.handlers.undertow.OAuthTokenHandlerTest" time="0.007">
    <system-out><![CDATA[12:49:02.644 [main] DEBUG c.m.h.undertow.OAuthTokenHandler - JWKS endpoint called
12:49:02.645 [main] INFO  c.m.h.undertow.OAuthTokenHandler - JWKS endpoint served successfully (kid: e6b6f44d-5a5e-47a1-8364-472f314a9de3)
12:49:02.647 [main] DEBUG c.m.h.undertow.OAuthTokenHandler - OAuth token request - grant_type: client_credentials, client_id: test-client
12:49:02.647 [main] DEBUG c.m.h.undertow.OAuthTokenHandler - OAuth token request details - username: null, scope: , roles: 
12:49:02.647 [main] DEBUG c.m.h.undertow.OAuthTokenHandler - JSON user repository not configured, using default roles: user
12:49:02.647 [main] DEBUG c.m.h.undertow.OAuthTokenHandler - Using roles for token: [user]
12:49:02.649 [main] INFO  c.m.h.undertow.OAuthTokenHandler - OAuth token generated successfully for client: test-client, user: null, roles: user
]]></system-out>
  </testcase>
  <testcase name="testEmptyRolesParameter" classname="com.marklogic.handlers.undertow.OAuthTokenHandlerTest" time="0.005">
    <system-out><![CDATA[12:49:02.651 [main] DEBUG c.m.h.undertow.OAuthTokenHandler - OAuth token request - grant_type: password, client_id: test-client
12:49:02.651 [main] DEBUG c.m.h.undertow.OAuthTokenHandler - OAuth token request details - username: testuser, scope: , roles: 
12:49:02.651 [main] INFO  c.m.h.undertow.OAuthTokenHandler - Looking up user 'testuser' in JSON user repository
12:49:02.652 [main] INFO  c.m.h.undertow.OAuthTokenHandler - Priority 3: User 'testuser' found in JSON but has no roles assigned, using default roles: user
12:49:02.652 [main] DEBUG c.m.h.undertow.OAuthTokenHandler - Using roles for token: [user]
12:49:02.654 [main] INFO  c.m.h.undertow.OAuthTokenHandler - OAuth token generated successfully for client: test-client, user: testuser, roles: user
]]></system-out>
  </testcase>
  <testcase name="testMultipleScopes" classname="com.marklogic.handlers.undertow.OAuthTokenHandlerTest" time="0.005">
    <system-out><![CDATA[12:49:02.656 [main] DEBUG c.m.h.undertow.OAuthTokenHandler - OAuth token request - grant_type: password, client_id: test-client
12:49:02.656 [main] DEBUG c.m.h.undertow.OAuthTokenHandler - OAuth token request details - username: testuser, scope: read write admin profile, roles: 
12:49:02.657 [main] INFO  c.m.h.undertow.OAuthTokenHandler - Looking up user 'testuser' in JSON user repository
12:49:02.657 [main] INFO  c.m.h.undertow.OAuthTokenHandler - Priority 3: User 'testuser' found in JSON but has no roles assigned, using default roles: user
12:49:02.657 [main] DEBUG c.m.h.undertow.OAuthTokenHandler - Using roles for token: [user]
12:49:02.658 [main] INFO  c.m.h.undertow.OAuthTokenHandler - OAuth token generated successfully for client: test-client, user: testuser, roles: user
]]></system-out>
  </testcase>
  <testcase name="testSpecialCharactersInUsername" classname="com.marklogic.handlers.undertow.OAuthTokenHandlerTest" time="0.005">
    <system-out><![CDATA[12:49:02.662 [main] DEBUG c.m.h.undertow.OAuthTokenHandler - OAuth token request - grant_type: password, client_id: test-client
12:49:02.662 [main] DEBUG c.m.h.undertow.OAuthTokenHandler - OAuth token request details - username: user@example.com, scope: , roles: admin
12:49:02.662 [main] INFO  c.m.h.undertow.OAuthTokenHandler - Looking up user 'user@example.com' in JSON user repository
12:49:02.662 [main] INFO  c.m.h.undertow.OAuthTokenHandler - User 'user@example.com' not in JSON, using roles from request parameter
12:49:02.662 [main] DEBUG c.m.h.undertow.OAuthTokenHandler - Using roles for token: [admin]
12:49:02.664 [main] INFO  c.m.h.undertow.OAuthTokenHandler - OAuth token generated successfully for client: test-client, user: user@example.com, roles: admin
]]></system-out>
  </testcase>
  <testcase name="testJWKSEndpoint" classname="com.marklogic.handlers.undertow.OAuthTokenHandlerTest" time="0.005">
    <system-out><![CDATA[12:49:02.666 [main] DEBUG c.m.h.undertow.OAuthTokenHandler - JWKS endpoint called
12:49:02.666 [main] INFO  c.m.h.undertow.OAuthTokenHandler - JWKS endpoint served successfully (kid: e6b6f44d-5a5e-47a1-8364-472f314a9de3)
]]></system-out>
  </testcase>
  <testcase name="testWellKnownConfigEndpoint" classname="com.marklogic.handlers.undertow.OAuthTokenHandlerTest" time="0.003">
    <system-out><![CDATA[12:49:02.672 [main] DEBUG c.m.h.undertow.OAuthTokenHandler - OAuth configuration discovery endpoint called
12:49:02.672 [main] INFO  c.m.h.undertow.OAuthTokenHandler - OAuth configuration discovery served successfully
]]></system-out>
  </testcase>
  <testcase name="testJWKSKeyIdConsistency" classname="com.marklogic.handlers.undertow.OAuthTokenHandlerTest" time="0.003">
    <system-out><![CDATA[12:49:02.675 [main] DEBUG c.m.h.undertow.OAuthTokenHandler - JWKS endpoint called
12:49:02.675 [main] INFO  c.m.h.undertow.OAuthTokenHandler - JWKS endpoint served successfully (kid: e6b6f44d-5a5e-47a1-8364-472f314a9de3)
12:49:02.676 [main] DEBUG c.m.h.undertow.OAuthTokenHandler - JWKS endpoint called
12:49:02.676 [main] INFO  c.m.h.undertow.OAuthTokenHandler - JWKS endpoint served successfully (kid: e6b6f44d-5a5e-47a1-8364-472f314a9de3)
]]></system-out>
  </testcase>
  <testcase name="testJWTIssuerAndAudience" classname="com.marklogic.handlers.undertow.OAuthTokenHandlerTest" time="0.004">
    <system-out><![CDATA[12:49:02.679 [main] DEBUG c.m.h.undertow.OAuthTokenHandler - OAuth token request - grant_type: password, client_id: test-client
12:49:02.679 [main] DEBUG c.m.h.undertow.OAuthTokenHandler - OAuth token request details - username: testuser, scope: , roles: 
12:49:02.679 [main] INFO  c.m.h.undertow.OAuthTokenHandler - Looking up user 'testuser' in JSON user repository
12:49:02.679 [main] INFO  c.m.h.undertow.OAuthTokenHandler - Priority 3: User 'testuser' found in JSON but has no roles assigned, using default roles: user
12:49:02.679 [main] DEBUG c.m.h.undertow.OAuthTokenHandler - Using roles for token: [user]
12:49:02.681 [main] INFO  c.m.h.undertow.OAuthTokenHandler - OAuth token generated successfully for client: test-client, user: testuser, roles: user
]]></system-out>
  </testcase>
  <testcase name="testRoleWhitespaceTrimming" classname="com.marklogic.handlers.undertow.OAuthTokenHandlerTest" time="0.004">
    <system-out><![CDATA[12:49:02.684 [main] DEBUG c.m.h.undertow.OAuthTokenHandler - OAuth token request - grant_type: password, client_id: test-client
12:49:02.684 [main] DEBUG c.m.h.undertow.OAuthTokenHandler - OAuth token request details - username: testuser, scope: , roles:  admin , user , developer 
12:49:02.684 [main] INFO  c.m.h.undertow.OAuthTokenHandler - Looking up user 'testuser' in JSON user repository
12:49:02.684 [main] INFO  c.m.h.undertow.OAuthTokenHandler - Using roles from request parameter for user 'testuser': admin,user,developer
12:49:02.684 [main] DEBUG c.m.h.undertow.OAuthTokenHandler - Using roles for token: [admin, user, developer]
12:49:02.686 [main] INFO  c.m.h.undertow.OAuthTokenHandler - OAuth token generated successfully for client: test-client, user: testuser, roles: admin,user,developer
]]></system-out>
  </testcase>
</testsuite>